#
# A fatal error has been detected by the Java Runtime Environment:
#
#  EXCEPTION_ACCESS_VIOLATION (0xc0000005) at pc=0x00007ff9780ec514, pid=660, tid=2372
#
# JRE version: OpenJDK Runtime Environment Temurin-25.0.1+8 (25.0.1+8) (build 25.0.1+8-LTS)
# Java VM: OpenJDK 64-Bit Server VM Temurin-25.0.1+8 (25.0.1+8-LTS, mixed mode, sharing, tiered, compressed oops, compressed class ptrs, parallel gc, windows-amd64)
# Problematic frame:
# V  [jvm.dll+0x45c514]
#
# No core dump will be written. Minidumps are not enabled by default on client versions of Windows
#
# If you would like to submit a bug report, please visit:
#   https://github.com/adoptium/adoptium-support/issues
#

---------------  S U M M A R Y ------------

Command Line: -Djdk.xml.maxGeneralEntitySizeLimit=0 -Djdk.xml.totalEntitySizeLimit=0 --add-modules=ALL-SYSTEM --add-opens=java.base/java.util=ALL-UNNAMED --add-opens=java.base/java.lang=ALL-UNNAMED --add-opens=java.base/sun.nio.fs=ALL-UNNAMED -Declipse.application=org.eclipse.jdt.ls.core.id1 -Dosgi.bundles.defaultStartLevel=4 -Declipse.product=org.eclipse.jdt.ls.core.product -Djava.import.generatesMetadataFilesAtProjectRoot=false -DDetectVMInstallationsJob.disabled=true -Dfile.encoding=utf8 -XX:+UseParallelGC -XX:GCTimeRatio=4 -XX:AdaptiveSizePolicyWeight=90 -Dsun.zip.disableMemoryMapping=true -Xmx2G -Xms100m -Xlog:disable -javaagent:c:\Users\鎢馯\.antigravity\extensions\redhat.java-1.52.2026011508-win32-x64\lombok\lombok-1.18.39-4050.jar -XX:+HeapDumpOnOutOfMemoryError -XX:HeapDumpPath=c:\Users\鎢馯\AppData\Roaming\Antigravity\User\workspaceStorage\8732b6f88791d942ec4c0aa7ee92074e\redhat.java -Daether.dependencyCollector.impl=bf -XX:+UnlockDiagnosticVMOptions -XX:+AllowArchivingWithJavaAgent -XX:+AutoCreateSharedArchive -XX:SharedArchiveFile=c:\Users\鎢馯\AppData\Roaming\Antigravity\User\globalStorage\redhat.java\1.52.2026011508\jdtls.jsa c:\Users\鎢馯\.antigravity\extensions\redhat.java-1.52.2026011508-win32-x64\server\plugins\org.eclipse.equinox.launcher_1.7.100.v20251111-0406.jar -configuration c:\Users\鎢馯\AppData\Roaming\Antigravity\User\globalStorage\redhat.java\1.52.2026011508\config_win -data c:\Users\鎢馯\AppData\Roaming\Antigravity\User\workspaceStorage\8732b6f88791d942ec4c0aa7ee92074e\redhat.java\jdt_ws --pipe=\\.\pipe\lsp-6df031a9ba48fa8570144f2fed427f64-sock

Host: AMD Ryzen 5 3500 6-Core Processor              , 6 cores, 15G,  Windows 10 , 64 bit Build 19041 (10.0.19041.5915)
Time: Sun Jan 18 02:03:24 2026 elapsed time: 31318.276950 seconds (0d 8h 41m 58s)

---------------  T H R E A D  ---------------

Current thread (0x000001c74810b860):  VMThread "VM Thread"          [id=2372, stack(0x0000000f28000000,0x0000000f28100000) (1024K)]

Stack: [0x0000000f28000000,0x0000000f28100000],  sp=0x0000000f280ff0b0,  free space=1020k
Native frames: (J=compiled Java code, j=interpreted, Vv=VM code, C=native code)
V  [jvm.dll+0x45c514]  (no source info available)
V  [jvm.dll+0x45c55f]  (no source info available)
V  [jvm.dll+0x461f66]  (no source info available)
V  [jvm.dll+0x386fca]  (no source info available)
V  [jvm.dll+0x385f16]  (no source info available)
V  [jvm.dll+0x386353]  (no source info available)
V  [jvm.dll+0x9fe6d2]  (no source info available)
V  [jvm.dll+0x9ff9f1]  (no source info available)
V  [jvm.dll+0x9fff68]  (no source info available)
V  [jvm.dll+0xa00203]  (no source info available)
V  [jvm.dll+0x99630d]  (no source info available)
V  [jvm.dll+0x7a6955]  (no source info available)
C  [ucrtbase.dll+0x21bb2]  (no source info available)
C  [KERNEL32.DLL+0x17374]  (no source info available)
C  [ntdll.dll+0x4cc91]  (no source info available)


siginfo: EXCEPTION_ACCESS_VIOLATION (0xc0000005), reading address 0x00000000000000e0


Registers:
RAX=0x0000000008183101, RBX=0x0000000000000000, RCX=0x0000000000000000, RDX=0x000001c745d60000
RSP=0x0000000f280ff0b0, RBP=0x0000000f280ff190, RSI=0x0000000000000001, RDI=0x000001c70359de90
R8 =0x000001c745e86c00, R9 =0x0000000000000001, R10=0x0000000000008000, R11=0x0000000f280ff040
R12=0x00007ff9787ed1d0, R13=0x00007ff9787fa258, R14=0x000001c700eec748, R15=0x00007ff9787ed0f8
RIP=0x00007ff9780ec514, EFLAGS=0x0000000000010287

XMM[0]=0x0000000000000000 0x0000000000000000
XMM[1]=0x000001c700938038 0x0000000008183558
XMM[2]=0x0000000008186b70 0x0000000008186b18
XMM[3]=0x0000000008186cd0 0x0000000008186c78
XMM[4]=0x0000000008186e30 0x0000000008186dd8
XMM[5]=0x000001c700938248 0x000001c7009381f0
XMM[6]=0x0000000000000000 0x0000000000000000
XMM[7]=0x0000000000000000 0x404e000000000000
XMM[8]=0x0000000000000000 0x0000000000000000
XMM[9]=0x0000000000000000 0x0000000000000000
XMM[10]=0x0000000000000000 0x0000000000000000
XMM[11]=0x0000000000000000 0x0000000000000000
XMM[12]=0x0000000000000000 0x0000000000000000
XMM[13]=0x0000000000000000 0x0000000000000000
XMM[14]=0x0000000000000000 0x0000000000000000
XMM[15]=0x0000000000000000 0x0000000000000000
  MXCSR=0x00001fa0


Register to memory mapping:

RAX=0x0000000008183101 is pointing into metadata
RBX=0x0 is null
RCX=0x0 is null
RDX=0x000001c745d60000 points into unknown readable memory: 0x0000000000000000 | 00 00 00 00 00 00 00 00
RSP=0x0000000f280ff0b0 points into unknown readable memory: 0x000001c740ea1020 | 20 10 ea 40 c7 01 00 00
RBP=0x0000000f280ff190 points into unknown readable memory: 0x00007ff9787fa268 | 68 a2 7f 78 f9 7f 00 00
RSI=0x0000000000000001 is an unknown value
RDI=0x000001c70359de90 points into unknown readable memory: 0x0000000000000000 | 00 00 00 00 00 00 00 00
R8 =0x000001c745e86c00 points into unknown readable memory: 0x000001c745e80d50 | 50 0d e8 45 c7 01 00 00
R9 =0x0000000000000001 is an unknown value
R10=0x0000000000008000 is an unknown value
R11=0x0000000f280ff040 points into unknown readable memory: 0x00007ff9787ed0f8 | f8 d0 7e 78 f9 7f 00 00
R12=0x00007ff9787ed1d0 jvm.dll
R13=0x00007ff9787fa258 jvm.dll
R14=0x000001c700eec748 points into unknown readable memory: 0x0000000008010080 | 80 00 01 08 00 00 00 00
R15=0x00007ff9787ed0f8 jvm.dll

Top of Stack: (sp=0x0000000f280ff0b0)
0x0000000f280ff0b0:   000001c740ea1020 0000000000000048    ..@....H.......
0x0000000f280ff0c0:   0000000000000000 00007ff9782f66b6   .........f/x....
0x0000000f280ff0d0:   000001c70359de90 00007ff9780ec55f   ..Y....._..x....
0x0000000f280ff0e0:   0000000000000000 0000000000000001   ................
0x0000000f280ff0f0:   000001c700eec748 000001c748115628   H.......(V.H....
0x0000000f280ff100:   000001c700eec8d8 00007ff9780f1f66   ........f..x....
0x0000000f280ff110:   0000000000000000 00007ff9788133e0   .........3.x....
0x0000000f280ff120:   000001c700eec748 0000000f280ff190   H..........(....
0x0000000f280ff130:   000000000000f4b0 0000000000000000   ................
0x0000000f280ff140:   0000000000001e96 0000000f27dfe800   ...........'....
0x0000000f280ff150:   000001c700eec748 00007ff978016fca   H........o.x....
0x0000000f280ff160:   0000000000000048 000001c748115628   H.......(V.H....
0x0000000f280ff170:   0000000000000000 000000000049ebee   ..........I.....
0x0000000f280ff180:   000001c700eeac48 00000020000001d8   H........... ...
0x0000000f280ff190:   00007ff9787fa268 0000000000000000   h..x............
0x0000000f280ff1a0:   0000000000000000 0000000000000000   ................
0x0000000f280ff1b0:   00000000000003d8 0000000000000000   ................
0x0000000f280ff1c0:   000000000983cd70 0000000f27dfe800   p..........'....
0x0000000f280ff1d0:   0000000000014578 00000000000003d8   xE..............
0x0000000f280ff1e0:   00000000000028af 00007ff978015f16   .(......._.x....
0x0000000f280ff1f0:   00007ff900001e96 000000000000f4b0   ................
0x0000000f280ff200:   000001c748115628 00007ff978ac5b68   (V.H....h[.x....
0x0000000f280ff210:   0000000000000000 0000000000000000   ................
0x0000000f280ff220:   00000000000000da 00007ff97869cd03   ..........ix....
0x0000000f280ff230:   0000000000000000 000001c74810b801   ...........H....
0x0000000f280ff240:   00007ff978a3b2e0 0000000000000100   ...x............
0x0000000f280ff250:   0000000000000000 00007ff9784328df   .........(Cx....
0x0000000f280ff260:   000000000000001f 0000004000001000   ............@...
0x0000000f280ff270:   000001c7000003e8 000001c748108e38   ........8..H....
0x0000000f280ff280:   000001c74810b860 00007ff97869cbd3   `..H......ix....
0x0000000f280ff290:   00000049710af0fc 000001c748109210   ...qI......H....
0x0000000f280ff2a0:   00007ff978aeebf0 00000000000003d8   ...x............

Instructions: (pc=0x00007ff9780ec514)
  0x00007ff9780ec414:   cb ff 4d 39 7e 20 74 0c 4d 89 66 18 4d 89 7e 20
  0x00007ff9780ec424:   4d 89 6e 28 4c 8b b4 24 18 01 00 00 4c 8b ac 24
  0x00007ff9780ec434:   20 01 00 00 4c 8b a4 24 28 01 00 00 4c 8b bc 24
  0x00007ff9780ec444:   10 01 00 00 48 83 7c 24 38 00 74 55 48 8b 9f b0
  0x00007ff9780ec454:   06 00 00 48 8d 44 24 68 33 c9 48 89 45 b8 48 8d
  0x00007ff9780ec464:   45 a9 48 89 4d d8 89 4d c8 4c 8d 44 24 60 88 4d
  0x00007ff9780ec474:   d0 48 8d 54 24 38 4c 8b cf 48 89 45 c0 48 8d 4c
  0x00007ff9780ec484:   24 48 48 89 b7 b0 06 00 00 c7 45 cc 08 00 00 00
  0x00007ff9780ec494:   c6 44 24 48 0e e8 12 f9 01 00 48 89 9f b0 06 00
  0x00007ff9780ec4a4:   00 48 8d 4c 24 38 e8 71 e4 fd ff 48 8b 9c 24 60
  0x00007ff9780ec4b4:   01 00 00 48 8b 4d 00 48 33 cc e8 cd a8 61 00 48
  0x00007ff9780ec4c4:   81 c4 30 01 00 00 5f 5e 5d c3 cc cc 0f b7 41 0e
  0x00007ff9780ec4d4:   66 c1 e8 09 a8 01 74 03 32 c0 c3 e9 3c 89 20 00
  0x00007ff9780ec4e4:   cc cc cc cc cc cc cc cc cc cc cc cc 48 89 5c 24
  0x00007ff9780ec4f4:   08 48 89 74 24 10 57 48 83 ec 20 48 3b 0d da af
  0x00007ff9780ec504:   99 00 48 8b d9 73 09 48 3b 0d c6 af 99 00 73 5b
=>0x00007ff9780ec514:   48 8b 81 e0 00 00 00 66 83 78 30 32 72 5f 48 8b
  0x00007ff9780ec524:   01 ff 50 78 48 85 c0 74 15 48 8b 03 48 8b cb ff
  0x00007ff9780ec534:   50 78 48 8b c8 e8 b2 ff ff ff 84 c0 74 3f 48 8b
  0x00007ff9780ec544:   bb a0 01 00 00 48 63 37 48 85 f6 7e 1e 33 db 48
  0x00007ff9780ec554:   83 c7 08 48 8b 0f e8 91 ff ff ff 84 c0 74 1e 48
  0x00007ff9780ec564:   ff c3 48 83 c7 08 48 3b de 7c e8 b0 01 48 8b 5c
  0x00007ff9780ec574:   24 30 48 8b 74 24 38 48 83 c4 20 5f c3 48 8b 5c
  0x00007ff9780ec584:   24 30 32 c0 48 8b 74 24 38 48 83 c4 20 5f c3 cc
  0x00007ff9780ec594:   cc cc cc cc cc cc cc cc cc cc cc cc 4c 89 44 24
  0x00007ff9780ec5a4:   18 53 56 57 48 83 ec 70 48 3b 15 0d 15 9a 00 49
  0x00007ff9780ec5b4:   8b f0 48 8b fa 48 8b d9 0f 84 88 02 00 00 48 8b
  0x00007ff9780ec5c4:   4a 08 48 85 c9 0f 84 7b 02 00 00 ff 15 4b 4a 93
  0x00007ff9780ec5d4:   00 48 85 c0 0f 84 6c 02 00 00 48 8b cf e8 5a a4
  0x00007ff9780ec5e4:   e3 ff 84 c0 0f 85 5c 02 00 00 48 85 db 0f 84 53
  0x00007ff9780ec5f4:   02 00 00 66 83 7b 04 05 0f 82 48 02 00 00 48 8b
  0x00007ff9780ec604:   b6 a8 03 00 00 48 8b cb 0f b6 43 0a 0a 43 09 0a


Stack slot to memory mapping:

stack at sp + 0 slots: 0x000001c740ea1020 points into unknown readable memory: 0x00007ff9fa406348 | 48 63 40 fa f9 7f 00 00
stack at sp + 1 slots: 0x0000000000000048 is an unknown value
stack at sp + 2 slots: 0x0 is null
stack at sp + 3 slots: 0x00007ff9782f66b6 jvm.dll
stack at sp + 4 slots: 0x000001c70359de90 points into unknown readable memory: 0x0000000000000000 | 00 00 00 00 00 00 00 00
stack at sp + 5 slots: 0x00007ff9780ec55f jvm.dll
stack at sp + 6 slots: 0x0 is null
stack at sp + 7 slots: 0x0000000000000001 is an unknown value

VM_Operation (0x0000000f27dfe7f0): PopulateDumpSharedSpace, mode: safepoint, requested by thread 0x000001c748066be0


---------------  P R O C E S S  ---------------

Threads class SMR info:
_java_thread_list=0x000001c76b7644c0, length=31, elements={
0x000001c748066be0, 0x000001c74811e2f0, 0x000001c74811f970, 0x000001c748123180,
0x000001c748125bf0, 0x000001c748126650, 0x000001c748128220, 0x000001c748076c90,
0x000001c74807b520, 0x000001c7674f9170, 0x000001c7675c7760, 0x000001c767e86370,
0x000001c768867c20, 0x000001c7688683f0, 0x000001c768868bc0, 0x000001c767e84430,
0x000001c769b6da20, 0x000001c769b68430, 0x000001c769b6d250, 0x000001c769b6e1f0,
0x000001c769b6ca80, 0x000001c76a6942c0, 0x000001c775e4dcf0, 0x000001c768ff0410,
0x000001c768ff2b20, 0x000001c768ff0be0, 0x000001c76becade0, 0x000001c7771a8190,
0x000001c76bec57f0, 0x000001c76bec7730, 0x000001c7762d5750
}

Java Threads: ( => current thread )
  0x000001c748066be0 JavaThread "main"                              [_thread_blocked, id=16860, stack(0x0000000f27d00000,0x0000000f27e00000) (1024K)]
  0x000001c74811e2f0 JavaThread "Reference Handler"          daemon [_thread_blocked, id=7748, stack(0x0000000f28200000,0x0000000f28300000) (1024K)]
  0x000001c74811f970 JavaThread "Finalizer"                  daemon [_thread_blocked, id=4736, stack(0x0000000f28300000,0x0000000f28400000) (1024K)]
  0x000001c748123180 JavaThread "Signal Dispatcher"          daemon [_thread_blocked, id=17000, stack(0x0000000f28400000,0x0000000f28500000) (1024K)]
  0x000001c748125bf0 JavaThread "Attach Listener"            daemon [_thread_blocked, id=4140, stack(0x0000000f28500000,0x0000000f28600000) (1024K)]
  0x000001c748126650 JavaThread "Service Thread"             daemon [_thread_blocked, id=5132, stack(0x0000000f28600000,0x0000000f28700000) (1024K)]
  0x000001c748128220 JavaThread "Monitor Deflation Thread"   daemon [_thread_blocked, id=16692, stack(0x0000000f28700000,0x0000000f28800000) (1024K)]
  0x000001c748076c90 JavaThread "C2 CompilerThread0"         daemon [_thread_blocked, id=16808, stack(0x0000000f28800000,0x0000000f28900000) (1024K)]
  0x000001c74807b520 JavaThread "C1 CompilerThread0"         daemon [_thread_blocked, id=17020, stack(0x0000000f28900000,0x0000000f28a00000) (1024K)]
  0x000001c7674f9170 JavaThread "Common-Cleaner"             daemon [_thread_blocked, id=16800, stack(0x0000000f28a00000,0x0000000f28b00000) (1024K)]
  0x000001c7675c7760 JavaThread "Notification Thread"        daemon [_thread_blocked, id=16128, stack(0x0000000f28b00000,0x0000000f28c00000) (1024K)]
  0x000001c767e86370 JavaThread "JNA Cleaner"                daemon [_thread_blocked, id=11896, stack(0x0000000f29800000,0x0000000f29900000) (1024K)]
  0x000001c768867c20 JavaThread "InnocuousThread-1"          daemon [_thread_in_native, id=13136, stack(0x0000000f29f00000,0x0000000f2a000000) (1024K)]
  0x000001c7688683f0 JavaThread "InnocuousThread-2"          daemon [_thread_in_native, id=17276, stack(0x0000000f2a000000,0x0000000f2a100000) (1024K)]
  0x000001c768868bc0 JavaThread "InnocuousThread-3"          daemon [_thread_in_native, id=14436, stack(0x0000000f2a100000,0x0000000f2a200000) (1024K)]
  0x000001c767e84430 JavaThread "InnocuousThread-4"          daemon [_thread_in_native, id=17220, stack(0x0000000f2a200000,0x0000000f2a300000) (1024K)]
  0x000001c769b6da20 JavaThread "InnocuousThread-5"          daemon [_thread_in_native, id=16484, stack(0x0000000f2a300000,0x0000000f2a400000) (1024K)]
  0x000001c769b68430 JavaThread "InnocuousThread-6"          daemon [_thread_in_native, id=16768, stack(0x0000000f2a400000,0x0000000f2a500000) (1024K)]
  0x000001c769b6d250 JavaThread "InnocuousThread-7"          daemon [_thread_in_native, id=8460, stack(0x0000000f2a500000,0x0000000f2a600000) (1024K)]
  0x000001c769b6e1f0 JavaThread "pool-2-thread-1"                   [_thread_blocked, id=16924, stack(0x0000000f2a600000,0x0000000f2a700000) (1024K)]
  0x000001c769b6ca80 JavaThread "WorkspaceEventsHandler"            [_thread_blocked, id=17312, stack(0x0000000f2a700000,0x0000000f2a800000) (1024K)]
  0x000001c76a6942c0 JavaThread "pool-1-thread-1"                   [_thread_blocked, id=15880, stack(0x0000000f2a800000,0x0000000f2a900000) (1024K)]
  0x000001c775e4dcf0 JavaThread "Cleaner-0"                  daemon [_thread_blocked, id=4620, stack(0x0000000f2ae00000,0x0000000f2af00000) (1024K)]
  0x000001c768ff0410 JavaThread "Java Debug Server"          daemon [_thread_in_native, id=16956, stack(0x0000000f27b00000,0x0000000f27c00000) (1024K)]
  0x000001c768ff2b20 JavaThread "RxSchedulerPurge-1"         daemon [_thread_blocked, id=12324, stack(0x0000000f28100000,0x0000000f28200000) (1024K)]
  0x000001c768ff0be0 JavaThread "RxCachedWorkerPoolEvictor-1" daemon [_thread_blocked, id=14340, stack(0x0000000f2b000000,0x0000000f2b100000) (1024K)]
  0x000001c76becade0 JavaThread "Compiler Source File Reader" daemon [_thread_blocked, id=1640, stack(0x0000000f29d00000,0x0000000f29e00000) (1024K)]
  0x000001c7771a8190 JavaThread "Compiler Source File Reader" daemon [_thread_blocked, id=7588, stack(0x0000000f29e00000,0x0000000f29f00000) (1024K)]
  0x000001c76bec57f0 JavaThread "ForkJoinPool.commonPool-worker-155" daemon [_thread_blocked, id=12632, stack(0x0000000f27c00000,0x0000000f27d00000) (1024K)]
  0x000001c76bec7730 JavaThread "pool-7-thread-1"                   [_thread_blocked, id=8284, stack(0x0000000f29900000,0x0000000f29a00000) (1024K)]
  0x000001c7762d5750 JavaThread "C2 CompilerThread1"         daemon [_thread_blocked, id=8344, stack(0x0000000f28c00000,0x0000000f28d00000) (1024K)]
Total: 31

Other Threads:
=>0x000001c74810b860 VMThread "VM Thread"                           [id=2372, stack(0x0000000f28000000,0x0000000f28100000) (1024K)]
  0x000001c761eeca00 WatcherThread "VM Periodic Task Thread"        [id=13648, stack(0x0000000f27f00000,0x0000000f28000000) (1024K)]
  0x000001c748084020 WorkerThread "GC Thread#0"                     [id=11996, stack(0x0000000f27e00000,0x0000000f27f00000) (1024K)]
  0x000001c767efd1c0 WorkerThread "GC Thread#1"                     [id=16776, stack(0x0000000f28d00000,0x0000000f28e00000) (1024K)]
  0x000001c767eb6b70 WorkerThread "GC Thread#2"                     [id=16960, stack(0x0000000f28e00000,0x0000000f28f00000) (1024K)]
  0x000001c767efd5f0 WorkerThread "GC Thread#3"                     [id=15168, stack(0x0000000f28f00000,0x0000000f29000000) (1024K)]
  0x000001c767f683a0 WorkerThread "GC Thread#4"                     [id=3480, stack(0x0000000f29100000,0x0000000f29200000) (1024K)]
  0x000001c768059a40 WorkerThread "GC Thread#5"                     [id=17296, stack(0x0000000f29500000,0x0000000f29600000) (1024K)]
Total: 8

Threads with active compile tasks:
C2 CompilerThread0  31318378 29117       4       java.lang.invoke.InvokerBytecodeGenerator::emitPushArgument (145 bytes)
C2 CompilerThread1  31318378 29134       4       java.lang.invoke.InvokerBytecodeGenerator::emitImplicitConversion (166 bytes)
Total: 2

VM state: at safepoint (normal execution)

VM Mutex/Monitor currently owned by a thread:  ([mutex/lock_event])
[0x00007ff978ac5b68] DumpTimeTable_lock - owner thread: 0x000001c74810b860
[0x00007ff978ac6368] Threads_lock - owner thread: 0x000001c74810b860
[0x00007ff978ac64e8] Heap_lock - owner thread: 0x000001c748066be0

Heap address: 0x0000000080000000, size: 2048 MB, Compressed Oops mode: 32-bit

CDS archive(s) mapped at: [0x0000000008000000-0x0000000008dd0000-0x0000000008dd0000), size 14483456, SharedBaseAddress: 0x0000000008000000, ArchiveRelocationMode: 1.
Compressed class space mapped at: 0x0000000009000000-0x0000000049000000, reserved size: 1073741824
UseCompressedClassPointers 1, UseCompactObjectHeaders 0
Narrow klass pointer bits 32, Max shift 3
Narrow klass base: 0x0000000008000000, Narrow klass shift: 0
Encoding Range: [0x0000000008000000 - 0x0000000108000000), (4294967296 bytes)
Klass Range:    [0x0000000008010000 - 0x0000000049000000), (1090453504 bytes)
Klass ID Range:  [65536 - 1090519033) (1090453497)
Protection zone: [0x0000000008000000 - 0x0000000008010000), (65536 bytes)

GC Precious Log:
 CardTable entry size: 512
 CPUs: 6 total, 6 available
 Memory: 16319M
 Large Page Support: Disabled
 NUMA Support: Disabled
 Compressed Oops: Enabled (32-bit)
 Alignments: Space 512K, Generation 512K, Heap 2M
 Heap Min Capacity: 100M
 Heap Initial Capacity: 100M
 Heap Max Capacity: 2G
 Pre-touch: Disabled
 Parallel Workers: 6

Heap:
 PSYoungGen      total 31232K, used 4948K [0x00000000d5580000, 0x00000000d7680000, 0x0000000100000000)
  eden space 28672K, 15% used [0x00000000d5580000,0x00000000d59c5160,0x00000000d7180000)
  from space 2560K, 22% used [0x00000000d7180000,0x00000000d720ff78,0x00000000d7400000)
  to   space 1536K, 0% used [0x00000000d7500000,0x00000000d7500000,0x00000000d7680000)
 ParOldGen       total 304640K, used 179233K [0x0000000080000000, 0x0000000092980000, 0x00000000d5580000)
  object space 304640K, 58% used [0x0000000080000000,0x000000008af08478,0x0000000092980000)

Card table byte_map: [0x000001c747b60000,0x000001c747f60000] _byte_map_base: 0x000001c747760000

Marking Bits: (ParMarkBitMap*) 0x00007ff978acb880
 Begin Bits: [0x000001c75fe10000, 0x000001c761e10000)

Polling page: 0x000001c745f40000

Metaspace:
Metaspace        used 91743K, committed 93824K, reserved 1179648K
 class space     used 8005K, committed 8896K, reserved 1048576K

Usage:
  Non-class:     81.78 MB used.
      Class:      7.82 MB used.
       Both:     89.59 MB used.

Virtual space:
  Non-class space:      128.00 MB reserved,      82.94 MB ( 65%) committed,  2 nodes.
      Class space:        1.00 GB reserved,       8.69 MB ( <1%) committed,  1 nodes.
             Both:        1.12 GB reserved,      91.62 MB (  8%) committed. 

Chunk freelists:
   Non-Class:  12.34 MB
       Class:  7.35 MB
        Both:  19.69 MB

MaxMetaspaceSize: unlimited
CompressedClassSpaceSize: 1.00 GB
Initial GC threshold: 21.00 MB
Current GC threshold: 147.81 MB
CDS: on
 - commit_granule_bytes: 65536.
 - commit_granule_words: 8192.
 - virtual_space_node_default_size: 8388608.
 - enlarge_chunks_in_place: 1.
UseCompressedClassPointers 1, UseCompactObjectHeaders 0
Narrow klass pointer bits 32, Max shift 3
Narrow klass base: 0x0000000008000000, Narrow klass shift: 0
Encoding Range: [0x0000000008000000 - 0x0000000108000000), (4294967296 bytes)
Klass Range:    [0x0000000008010000 - 0x0000000049000000), (1090453504 bytes)
Klass ID Range:  [65536 - 1090519033) (1090453497)
Protection zone: [0x0000000008000000 - 0x0000000008010000), (65536 bytes)


Internal statistics:

num_allocs_failed_limit: 9.
num_arena_births: 2256.
num_arena_deaths: 258.
num_vsnodes_births: 3.
num_vsnodes_deaths: 0.
num_space_committed: 1466.
num_space_uncommitted: 0.
num_chunks_returned_to_freelist: 275.
num_chunks_taken_from_freelist: 6892.
num_chunk_merges: 77.
num_chunk_splits: 4184.
num_chunks_enlarged: 2422.
num_inconsistent_stats: 0.

CodeHeap 'non-profiled nmethods': size=120064Kb used=18072Kb max_used=19041Kb free=101991Kb
 bounds [0x000001c758620000, 0x000001c7598c0000, 0x000001c75fb60000]
CodeHeap 'profiled nmethods': size=120000Kb used=45611Kb max_used=51484Kb free=74388Kb
 bounds [0x000001c750b60000, 0x000001c753db0000, 0x000001c758090000]
CodeHeap 'non-nmethods': size=5696Kb used=1627Kb max_used=1661Kb free=4068Kb
 bounds [0x000001c758090000, 0x000001c758300000, 0x000001c758620000]
CodeCache: size=245760Kb, used=65310Kb, max_used=72186Kb, free=180447Kb
 total_blobs=24867, nmethods=23959, adapters=807, full_count=0
Compilation: enabled, stopped_count=0, restarted_count=0

Compilation events (20 events):
Event: 31316.339 Thread 0x000001c74807b520 29133       1       sun.invoke.util.Wrapper::primitiveType (5 bytes)
Event: 31316.339 Thread 0x000001c74807b520 nmethod 29133 0x000001c758912c88 code [0x000001c758912d80, 0x000001c758912e48]
Event: 31316.339 Thread 0x000001c74807b520 29330       3       java.lang.invoke.ClassSpecializer$Factory$1$1Var::slotSize (8 bytes)
Event: 31316.339 Thread 0x000001c74807b520 nmethod 29330 0x000001c751bbe008 code [0x000001c751bbe100, 0x000001c751bbe3d0]
Event: 31316.339 Thread 0x000001c74807b520 29331       3       jdk.internal.classfile.impl.DirectCodeBuilder::areturn (12 bytes)
Event: 31316.339 Thread 0x000001c74807b520 nmethod 29331 0x000001c751f74788 code [0x000001c751f74880, 0x000001c751f74a58]
Event: 31316.339 Thread 0x000001c74807b520 29332       3       java.lang.invoke.ClassSpecializer$Factory$1$1Var::isInHeap (13 bytes)
Event: 31316.339 Thread 0x000001c74807b520 nmethod 29332 0x000001c751fa0508 code [0x000001c751fa0600, 0x000001c751fa0758]
Event: 31316.339 Thread 0x000001c74807b520 29333       3       java.lang.invoke.ClassSpecializer$Factory$1$1Var::nextIndex (18 bytes)
Event: 31316.339 Thread 0x000001c74807b520 nmethod 29333 0x000001c752b8b888 code [0x000001c752b8b980, 0x000001c752b8bd18]
Event: 31316.339 Thread 0x000001c74807b520 29337       1       java.lang.invoke.LambdaForm$BasicType::basicTypeWrapper (5 bytes)
Event: 31316.339 Thread 0x000001c74807b520 nmethod 29337 0x000001c758912988 code [0x000001c758912a80, 0x000001c758912b48]
Event: 31316.339 Thread 0x000001c74807b520 29334       3       java.lang.invoke.ClassSpecializer$Factory$1$1Var::<init> (137 bytes)
Event: 31316.340 Thread 0x000001c74807b520 nmethod 29334 0x000001c751d21888 code [0x000001c751d21980, 0x000001c751d234c8]
Event: 31316.340 Thread 0x000001c74807b520 29335       3       java.lang.invoke.ClassSpecializer$Factory$1$1Var::nextSlotIndex (24 bytes)
Event: 31316.340 Thread 0x000001c74807b520 nmethod 29335 0x000001c75292e988 code [0x000001c75292ea80, 0x000001c75292ee00]
Event: 31316.340 Thread 0x000001c74807b520 29338       3       java.lang.invoke.ClassSpecializer$Factory$1$1Var::emitLoadInstruction (19 bytes)
Event: 31316.340 Thread 0x000001c74807b520 nmethod 29338 0x000001c751fbfe88 code [0x000001c751fbff80, 0x000001c751fc0130]
Event: 31316.340 Thread 0x000001c74807b520 29339       3       jdk.internal.classfile.impl.DirectCodeBuilder::getfield (22 bytes)
Event: 31316.340 Thread 0x000001c74807b520 nmethod 29339 0x000001c751411e08 code [0x000001c751411f00, 0x000001c7514123d0]

GC Heap Usage History (20 events):
Event: 29194.303 {heap Before GC invocations=255 (full 5):
 PSYoungGen      total 32256K, used 31799K [0x00000000d5580000, 0x00000000d7800000, 0x0000000100000000)
  eden space 29184K, 100% used [0x00000000d5580000,0x00000000d7200000,0x00000000d7200000)
  from space 3072K, 85% used [0x00000000d7280000,0x00000000d750dd18,0x00000000d7580000)
  to   space 2560K, 0% used [0x00000000d7580000,0x00000000d7580000,0x00000000d7800000)
 ParOldGen       total 304640K, used 171906K [0x0000000080000000, 0x0000000092980000, 0x00000000d558Event: 29194.306 {heap After GC invocations=255 (full 5):
 PSYoungGen      total 32768K, used 2261K [0x00000000d5580000, 0x00000000d7800000, 0x0000000100000000)
  eden space 30208K, 0% used [0x00000000d5580000,0x00000000d5580000,0x00000000d7300000)
  from space 2560K, 88% used [0x00000000d7580000,0x00000000d77b5428,0x00000000d7800000)
  to   space 2560K, 0% used [0x00000000d7300000,0x00000000d7300000,0x00000000d7580000)
 ParOldGen       total 304640K, used 172193K [0x0000000080000000, 0x0000000092980000, 0x00000000d5580000Event: 29204.257 {heap Before GC invocations=256 (full 5):
 PSYoungGen      total 32768K, used 32360K [0x00000000d5580000, 0x00000000d7800000, 0x0000000100000000)
  eden space 30208K, 99% used [0x00000000d5580000,0x00000000d72e4e38,0x00000000d7300000)
  from space 2560K, 88% used [0x00000000d7580000,0x00000000d77b5428,0x00000000d7800000)
  to   space 2560K, 0% used [0x00000000d7300000,0x00000000d7300000,0x00000000d7580000)
 ParOldGen       total 304640K, used 172193K [0x0000000080000000, 0x0000000092980000, 0x00000000d5580Event: 29204.258 {heap After GC invocations=256 (full 5):
 PSYoungGen      total 31744K, used 1157K [0x00000000d5580000, 0x00000000d7680000, 0x0000000100000000)
  eden space 30208K, 0% used [0x00000000d5580000,0x00000000d5580000,0x00000000d7300000)
  from space 1536K, 75% used [0x00000000d7300000,0x00000000d7421638,0x00000000d7480000)
  to   space 2048K, 0% used [0x00000000d7480000,0x00000000d7480000,0x00000000d7680000)
 ParOldGen       total 304640K, used 172288K [0x0000000080000000, 0x0000000092980000, 0x00000000d5580000Event: 29223.910 {heap Before GC invocations=257 (full 5):
 PSYoungGen      total 31744K, used 31365K [0x00000000d5580000, 0x00000000d7680000, 0x0000000100000000)
  eden space 30208K, 100% used [0x00000000d5580000,0x00000000d7300000,0x00000000d7300000)
  from space 1536K, 75% used [0x00000000d7300000,0x00000000d7421638,0x00000000d7480000)
  to   space 2048K, 0% used [0x00000000d7480000,0x00000000d7480000,0x00000000d7680000)
 ParOldGen       total 304640K, used 172288K [0x0000000080000000, 0x0000000092980000, 0x00000000d558Event: 29223.916 {heap After GC invocations=257 (full 5):
 PSYoungGen      total 28160K, used 2032K [0x00000000d5580000, 0x00000000d7d80000, 0x0000000100000000)
  eden space 26112K, 0% used [0x00000000d5580000,0x00000000d5580000,0x00000000d6f00000)
  from space 2048K, 99% used [0x00000000d7480000,0x00000000d767c278,0x00000000d7680000)
  to   space 5632K, 0% used [0x00000000d6f00000,0x00000000d6f00000,0x00000000d7480000)
 ParOldGen       total 304640K, used 175144K [0x0000000080000000, 0x0000000092980000, 0x00000000d5580000Event: 30754.183 {heap Before GC invocations=258 (full 5):
 PSYoungGen      total 28160K, used 28144K [0x00000000d5580000, 0x00000000d7d80000, 0x0000000100000000)
  eden space 26112K, 100% used [0x00000000d5580000,0x00000000d6f00000,0x00000000d6f00000)
  from space 2048K, 99% used [0x00000000d7480000,0x00000000d767c278,0x00000000d7680000)
  to   space 5632K, 0% used [0x00000000d6f00000,0x00000000d6f00000,0x00000000d7480000)
 ParOldGen       total 304640K, used 175144K [0x0000000080000000, 0x0000000092980000, 0x00000000d558Event: 30754.186 {heap After GC invocations=258 (full 5):
 PSYoungGen      total 30208K, used 4208K [0x00000000d5580000, 0x00000000d7780000, 0x0000000100000000)
  eden space 25600K, 0% used [0x00000000d5580000,0x00000000d5580000,0x00000000d6e80000)
  from space 4608K, 91% used [0x00000000d6f00000,0x00000000d731c240,0x00000000d7380000)
  to   space 4096K, 0% used [0x00000000d7380000,0x00000000d7380000,0x00000000d7780000)
 ParOldGen       total 304640K, used 175191K [0x0000000080000000, 0x0000000092980000, 0x00000000d5580000Event: 30896.154 {heap Before GC invocations=259 (full 5):
 PSYoungGen      total 30208K, used 29808K [0x00000000d5580000, 0x00000000d7780000, 0x0000000100000000)
  eden space 25600K, 100% used [0x00000000d5580000,0x00000000d6e80000,0x00000000d6e80000)
  from space 4608K, 91% used [0x00000000d6f00000,0x00000000d731c240,0x00000000d7380000)
  to   space 4096K, 0% used [0x00000000d7380000,0x00000000d7380000,0x00000000d7780000)
 ParOldGen       total 304640K, used 175191K [0x0000000080000000, 0x0000000092980000, 0x00000000d558Event: 30896.155 {heap After GC invocations=259 (full 5):
 PSYoungGen      total 31744K, used 476K [0x00000000d5580000, 0x00000000d7680000, 0x0000000100000000)
  eden space 28672K, 0% used [0x00000000d5580000,0x00000000d5580000,0x00000000d7180000)
  from space 3072K, 15% used [0x00000000d7380000,0x00000000d73f7190,0x00000000d7680000)
  to   space 2048K, 0% used [0x00000000d7180000,0x00000000d7180000,0x00000000d7380000)
 ParOldGen       total 304640K, used 175366K [0x0000000080000000, 0x0000000092980000, 0x00000000d5580000)Event: 30919.824 {heap Before GC invocations=260 (full 5):
 PSYoungGen      total 31744K, used 29148K [0x00000000d5580000, 0x00000000d7680000, 0x0000000100000000)
  eden space 28672K, 100% used [0x00000000d5580000,0x00000000d7180000,0x00000000d7180000)
  from space 3072K, 15% used [0x00000000d7380000,0x00000000d73f7190,0x00000000d7680000)
  to   space 2048K, 0% used [0x00000000d7180000,0x00000000d7180000,0x00000000d7380000)
 ParOldGen       total 304640K, used 175366K [0x0000000080000000, 0x0000000092980000, 0x00000000d558Event: 30919.826 {heap After GC invocations=260 (full 5):
 PSYoungGen      total 30208K, used 2043K [0x00000000d5580000, 0x00000000d7700000, 0x0000000100000000)
  eden space 28160K, 0% used [0x00000000d5580000,0x00000000d5580000,0x00000000d7100000)
  from space 2048K, 99% used [0x00000000d7180000,0x00000000d737ef48,0x00000000d7380000)
  to   space 3072K, 0% used [0x00000000d7400000,0x00000000d7400000,0x00000000d7700000)
 ParOldGen       total 304640K, used 175560K [0x0000000080000000, 0x0000000092980000, 0x00000000d5580000Event: 31069.744 {heap Before GC invocations=261 (full 5):
 PSYoungGen      total 30208K, used 30203K [0x00000000d5580000, 0x00000000d7700000, 0x0000000100000000)
  eden space 28160K, 100% used [0x00000000d5580000,0x00000000d7100000,0x00000000d7100000)
  from space 2048K, 99% used [0x00000000d7180000,0x00000000d737ef48,0x00000000d7380000)
  to   space 3072K, 0% used [0x00000000d7400000,0x00000000d7400000,0x00000000d7700000)
 ParOldGen       total 304640K, used 175560K [0x0000000080000000, 0x0000000092980000, 0x00000000d558Event: 31069.767 {heap After GC invocations=261 (full 5):
 PSYoungGen      total 31232K, used 2260K [0x00000000d5580000, 0x00000000d7680000, 0x0000000100000000)
  eden space 28672K, 0% used [0x00000000d5580000,0x00000000d5580000,0x00000000d7180000)
  from space 2560K, 88% used [0x00000000d7400000,0x00000000d7635370,0x00000000d7680000)
  to   space 2560K, 0% used [0x00000000d7180000,0x00000000d7180000,0x00000000d7400000)
 ParOldGen       total 304640K, used 177249K [0x0000000080000000, 0x0000000092980000, 0x00000000d5580000Event: 31192.653 {heap Before GC invocations=262 (full 5):
 PSYoungGen      total 31232K, used 30932K [0x00000000d5580000, 0x00000000d7680000, 0x0000000100000000)
  eden space 28672K, 100% used [0x00000000d5580000,0x00000000d7180000,0x00000000d7180000)
  from space 2560K, 88% used [0x00000000d7400000,0x00000000d7635370,0x00000000d7680000)
  to   space 2560K, 0% used [0x00000000d7180000,0x00000000d7180000,0x00000000d7400000)
 ParOldGen       total 304640K, used 177249K [0x0000000080000000, 0x0000000092980000, 0x00000000d558Event: 31192.655 {heap After GC invocations=262 (full 5):
 PSYoungGen      total 31232K, used 384K [0x00000000d5580000, 0x00000000d7680000, 0x0000000100000000)
  eden space 28672K, 0% used [0x00000000d5580000,0x00000000d5580000,0x00000000d7180000)
  from space 2560K, 15% used [0x00000000d7180000,0x00000000d71e0020,0x00000000d7400000)
  to   space 1536K, 0% used [0x00000000d7500000,0x00000000d7500000,0x00000000d7680000)
 ParOldGen       total 304640K, used 177393K [0x0000000080000000, 0x0000000092980000, 0x00000000d5580000)Event: 31316.265 {heap Before GC invocations=263 (full 5):
 PSYoungGen      total 31232K, used 29056K [0x00000000d5580000, 0x00000000d7680000, 0x0000000100000000)
  eden space 28672K, 100% used [0x00000000d5580000,0x00000000d7180000,0x00000000d7180000)
  from space 2560K, 15% used [0x00000000d7180000,0x00000000d71e0020,0x00000000d7400000)
  to   space 1536K, 0% used [0x00000000d7500000,0x00000000d7500000,0x00000000d7680000)
 ParOldGen       total 304640K, used 177393K [0x0000000080000000, 0x0000000092980000, 0x00000000d558Event: 31316.268 {heap After GC invocations=263 (full 5):
 PSYoungGen      total 30208K, used 1520K [0x00000000d5580000, 0x00000000d7680000, 0x0000000100000000)
  eden space 28672K, 0% used [0x00000000d5580000,0x00000000d5580000,0x00000000d7180000)
  from space 1536K, 98% used [0x00000000d7500000,0x00000000d767c030,0x00000000d7680000)
  to   space 2560K, 0% used [0x00000000d7180000,0x00000000d7180000,0x00000000d7400000)
 ParOldGen       total 304640K, used 177714K [0x0000000080000000, 0x0000000092980000, 0x00000000d5580000Event: 31316.332 {heap Before GC invocations=264 (full 5):
 PSYoungGen      total 30208K, used 30192K [0x00000000d5580000, 0x00000000d7680000, 0x0000000100000000)
  eden space 28672K, 100% used [0x00000000d5580000,0x00000000d7180000,0x00000000d7180000)
  from space 1536K, 98% used [0x00000000d7500000,0x00000000d767c030,0x00000000d7680000)
  to   space 2560K, 0% used [0x00000000d7180000,0x00000000d7180000,0x00000000d7400000)
 ParOldGen       total 304640K, used 177714K [0x0000000080000000, 0x0000000092980000, 0x00000000d558Event: 31316.335 {heap After GC invocations=264 (full 5):
 PSYoungGen      total 31232K, used 575K [0x00000000d5580000, 0x00000000d7680000, 0x0000000100000000)
  eden space 28672K, 0% used [0x00000000d5580000,0x00000000d5580000,0x00000000d7180000)
  from space 2560K, 22% used [0x00000000d7180000,0x00000000d720ff78,0x00000000d7400000)
  to   space 1536K, 0% used [0x00000000d7500000,0x00000000d7500000,0x00000000d7680000)
 ParOldGen       total 304640K, used 179233K [0x0000000080000000, 0x0000000092980000, 0x00000000d5580000)
Metaspace Usage History (20 events):
Event: 29194.303 {metaspace Before GC invocations=255 (full 5):
 Metaspace       used 90095K, committed 91712K, reserved 1179648K
  class space    used 7730K, committed 8448K, reserved 1048576K
}
Event: 29194.306 {metaspace After GC invocations=255 (full 5):
 Metaspace       used 90095K, committed 91712K, reserved 1179648K
  class space    used 7730K, committed 8448K, reserved 1048576K
}
Event: 29204.257 {metaspace Before GC invocations=256 (full 5):
 Metaspace       used 90096K, committed 91712K, reserved 1179648K
  class space    used 7730K, committed 8448K, reserved 1048576K
}
Event: 29204.258 {metaspace After GC invocations=256 (full 5):
 Metaspace       used 90096K, committed 91712K, reserved 1179648K
  class space    used 7730K, committed 8448K, reserved 1048576K
}
Event: 29223.910 {metaspace Before GC invocations=257 (full 5):
 Metaspace       used 90103K, committed 91712K, reserved 1179648K
  class space    used 7730K, committed 8448K, reserved 1048576K
}
Event: 29223.916 {metaspace After GC invocations=257 (full 5):
 Metaspace       used 90103K, committed 91712K, reserved 1179648K
  class space    used 7730K, committed 8448K, reserved 1048576K
}
Event: 30754.183 {metaspace Before GC invocations=258 (full 5):
 Metaspace       used 90118K, committed 91712K, reserved 1179648K
  class space    used 7730K, committed 8448K, reserved 1048576K
}
Event: 30754.186 {metaspace After GC invocations=258 (full 5):
 Metaspace       used 90118K, committed 91712K, reserved 1179648K
  class space    used 7730K, committed 8448K, reserved 1048576K
}
Event: 30896.154 {metaspace Before GC invocations=259 (full 5):
 Metaspace       used 90143K, committed 91712K, reserved 1179648K
  class space    used 7730K, committed 8448K, reserved 1048576K
}
Event: 30896.155 {metaspace After GC invocations=259 (full 5):
 Metaspace       used 90143K, committed 91712K, reserved 1179648K
  class space    used 7730K, committed 8448K, reserved 1048576K
}
Event: 30919.824 {metaspace Before GC invocations=260 (full 5):
 Metaspace       used 90178K, committed 91776K, reserved 1179648K
  class space    used 7731K, committed 8448K, reserved 1048576K
}
Event: 30919.826 {metaspace After GC invocations=260 (full 5):
 Metaspace       used 90178K, committed 91776K, reserved 1179648K
  class space    used 7731K, committed 8448K, reserved 1048576K
}
Event: 31069.744 {metaspace Before GC invocations=261 (full 5):
 Metaspace       used 90193K, committed 91776K, reserved 1179648K
  class space    used 7731K, committed 8448K, reserved 1048576K
}
Event: 31069.767 {metaspace After GC invocations=261 (full 5):
 Metaspace       used 90193K, committed 91776K, reserved 1179648K
  class space    used 7731K, committed 8448K, reserved 1048576K
}
Event: 31192.653 {metaspace Before GC invocations=262 (full 5):
 Metaspace       used 90235K, committed 91840K, reserved 1179648K
  class space    used 7731K, committed 8448K, reserved 1048576K
}
Event: 31192.655 {metaspace After GC invocations=262 (full 5):
 Metaspace       used 90235K, committed 91840K, reserved 1179648K
  class space    used 7731K, committed 8448K, reserved 1048576K
}
Event: 31316.265 {metaspace Before GC invocations=263 (full 5):
 Metaspace       used 90855K, committed 92416K, reserved 1179648K
  class space    used 7806K, committed 8512K, reserved 1048576K
}
Event: 31316.268 {metaspace After GC invocations=263 (full 5):
 Metaspace       used 90855K, committed 92416K, reserved 1179648K
  class space    used 7806K, committed 8512K, reserved 1048576K
}
Event: 31316.332 {metaspace Before GC invocations=264 (full 5):
 Metaspace       used 91527K, committed 93568K, reserved 1179648K
  class space    used 7998K, committed 8896K, reserved 1048576K
}
Event: 31316.335 {metaspace After GC invocations=264 (full 5):
 Metaspace       used 91527K, committed 93568K, reserved 1179648K
  class space    used 7998K, committed 8896K, reserved 1048576K
}

Dll operation events (11 events):
Event: 0.029 Loaded shared library C:\Program Files\Eclipse Adoptium\jdk-25.0.1.8-hotspot\bin\java.dll
Event: 0.058 Loaded shared library C:\Program Files\Eclipse Adoptium\jdk-25.0.1.8-hotspot\bin\zip.dll
Event: 0.137 Loaded shared library C:\Program Files\Eclipse Adoptium\jdk-25.0.1.8-hotspot\bin\instrument.dll
Event: 0.141 Loaded shared library C:\Program Files\Eclipse Adoptium\jdk-25.0.1.8-hotspot\bin\net.dll
Event: 0.142 Loaded shared library C:\Program Files\Eclipse Adoptium\jdk-25.0.1.8-hotspot\bin\nio.dll
Event: 0.146 Loaded shared library C:\Program Files\Eclipse Adoptium\jdk-25.0.1.8-hotspot\bin\zip.dll
Event: 0.171 Loaded shared library C:\Program Files\Eclipse Adoptium\jdk-25.0.1.8-hotspot\bin\jimage.dll
Event: 0.278 Loaded shared library C:\Program Files\Eclipse Adoptium\jdk-25.0.1.8-hotspot\bin\verify.dll
Event: 2.944 Loaded shared library C:\Users\鎢馯\AppData\Roaming\Antigravity\User\globalStorage\redhat.java\1.52.2026011508\config_win\org.eclipse.equinox.launcher\org.eclipse.equinox.launcher.win32.win32.x86_64_1.2.1500.v20260111-2316\eclipse_11918.dll
Event: 6.478 Loaded shared library C:\Users\鎢馯\AppData\Local\Temp\jna-32117293\jna4771369060462707008.dll
Event: 60.590 Loaded shared library C:\Program Files\Eclipse Adoptium\jdk-25.0.1.8-hotspot\bin\extnet.dll

Deoptimization events (20 events):
Event: 31316.096 Thread 0x000001c7771a6a20 Uncommon trap: trap_request=0xffffff45 fr.pc=0x000001c7590c1f7c relative=0x0000000000001afc
Event: 31316.096 Thread 0x000001c7771a6a20 Uncommon trap: reason=unstable_if action=reinterpret pc=0x000001c7590c1f7c method=sun.security.provider.HashDrbg.generateAlgorithm([B[B)V @ 114 c2
Event: 31316.096 Thread 0x000001c7771a6a20 DEOPT PACKING pc=0x000001c7590c1f7c sp=0x0000000f29afe310
Event: 31316.096 Thread 0x000001c7771a6a20 DEOPT UNPACKING pc=0x000001c758111182 sp=0x0000000f29afe2f0 mode 2
Event: 31316.163 Thread 0x000001c767f7b9d0 Uncommon trap: trap_request=0xffffff45 fr.pc=0x000001c758f25418 relative=0x0000000000000b98
Event: 31316.163 Thread 0x000001c767f7b9d0 Uncommon trap: reason=unstable_if action=reinterpret pc=0x000001c758f25418 method=java.util.concurrent.locks.AbstractQueuedSynchronizer$ConditionObject.awaitNanos(J)J @ 80 c2
Event: 31316.163 Thread 0x000001c767f7b9d0 DEOPT PACKING pc=0x000001c758f25418 sp=0x0000000f290ff3e0
Event: 31316.163 Thread 0x000001c767f7b9d0 DEOPT UNPACKING pc=0x000001c758111182 sp=0x0000000f290ff210 mode 2
Event: 31316.163 Thread 0x000001c767f57650 Uncommon trap: trap_request=0xffffff6e fr.pc=0x000001c75881fb00 relative=0x0000000000000800
Event: 31316.163 Thread 0x000001c767f57650 Uncommon trap: reason=predicate action=maybe_recompile pc=0x000001c75881fb00 method=org.eclipse.osgi.framework.eventmgr.EventManager.dispatchEvent(Ljava/util/Set;Lorg/eclipse/osgi/framework/eventmgr/EventDispatcher;ILjava/lang/Object;)V @ 65 c2
Event: 31316.163 Thread 0x000001c767f57650 DEOPT PACKING pc=0x000001c75881fb00 sp=0x0000000f28cff780
Event: 31316.163 Thread 0x000001c767f57650 DEOPT UNPACKING pc=0x000001c758111182 sp=0x0000000f28cff728 mode 2
Event: 31316.285 Thread 0x000001c748066be0 Uncommon trap: trap_request=0xffffff45 fr.pc=0x000001c7587781f4 relative=0x0000000000000074
Event: 31316.285 Thread 0x000001c748066be0 Uncommon trap: reason=unstable_if action=reinterpret pc=0x000001c7587781f4 method=java.lang.invoke.LambdaForm$BasicType.basicType(C)Ljava/lang/invoke/LambdaForm$BasicType; @ 1 c2
Event: 31316.285 Thread 0x000001c748066be0 DEOPT PACKING pc=0x000001c7587781f4 sp=0x0000000f27dfdcb0
Event: 31316.285 Thread 0x000001c748066be0 DEOPT UNPACKING pc=0x000001c758111182 sp=0x0000000f27dfdc48 mode 2
Event: 31316.285 Thread 0x000001c748066be0 Uncommon trap: trap_request=0xffffff45 fr.pc=0x000001c7590d99c8 relative=0x00000000000008c8
Event: 31316.285 Thread 0x000001c748066be0 Uncommon trap: reason=unstable_if action=reinterpret pc=0x000001c7590d99c8 method=java.lang.invoke.LambdaForm$BasicType.basicType(C)Ljava/lang/invoke/LambdaForm$BasicType; @ 1 c2
Event: 31316.285 Thread 0x000001c748066be0 DEOPT PACKING pc=0x000001c7590d99c8 sp=0x0000000f27dfdc00
Event: 31316.285 Thread 0x000001c748066be0 DEOPT UNPACKING pc=0x000001c758111182 sp=0x0000000f27dfda00 mode 2

Classes loaded (20 events):
Event: 31316.131 Loading class java/util/stream/LongPipeline$StatelessOp done
Event: 31316.131 Loading class java/util/stream/ReferencePipeline$5 done
Event: 31316.131 Loading class java/util/function/LongBinaryOperator
Event: 31316.131 Loading class java/util/function/LongBinaryOperator done
Event: 31316.132 Loading class java/util/stream/ReduceOps$10
Event: 31316.132 Loading class java/util/stream/ReduceOps$10 done
Event: 31316.132 Loading class java/util/stream/ReduceOps$8ReducingSink
Event: 31316.133 Loading class java/util/stream/Sink$OfLong
Event: 31316.133 Loading class java/util/stream/Sink$OfLong done
Event: 31316.133 Loading class java/util/stream/ReduceOps$8ReducingSink done
Event: 31316.133 Loading class java/util/stream/ReferencePipeline$5$1
Event: 31316.133 Loading class java/util/stream/ReferencePipeline$5$1 done
Event: 31316.258 Loading class java/lang/invoke/GenerateJLIClassesHelper
Event: 31316.260 Loading class java/lang/invoke/GenerateJLIClassesHelper done
Event: 31316.260 Loading class java/lang/invoke/GenerateJLIClassesHelper$HolderClassBuilder
Event: 31316.260 Loading class java/lang/invoke/GenerateJLIClassesHelper$HolderClassBuilder done
Event: 31316.300 Loading class java/lang/invoke/BoundMethodHandle$Species_J
Event: 31316.300 Loading class java/lang/invoke/BoundMethodHandle$Species_J done
Event: 31316.319 Loading class java/lang/invoke/BoundMethodHandle$Species_F
Event: 31316.319 Loading class java/lang/invoke/BoundMethodHandle$Species_F done

Classes unloaded (20 events):
Event: 22586.915 Thread 0x000001c74810b860 Unloading class 0x0000000009044c00 'java/lang/invoke/LambdaForm$BMH+0x0000000009044c00'
Event: 22586.915 Thread 0x000001c74810b860 Unloading class 0x0000000009043400 'java/lang/invoke/LambdaForm$DMH+0x0000000009043400'
Event: 22586.915 Thread 0x000001c74810b860 Unloading class 0x0000000009041c00 'java/lang/invoke/LambdaForm$MH+0x0000000009041c00'
Event: 22586.915 Thread 0x000001c74810b860 Unloading class 0x0000000009041800 'java/lang/invoke/LambdaForm$MH+0x0000000009041800'
Event: 22586.915 Thread 0x000001c74810b860 Unloading class 0x0000000009041000 'java/lang/invoke/LambdaForm$MH+0x0000000009041000'
Event: 27146.818 Thread 0x000001c74810b860 Unloading class 0x0000000009820800 'java/lang/invoke/LambdaForm$MH+0x0000000009820800'
Event: 27146.818 Thread 0x000001c74810b860 Unloading class 0x00000000091f0800 'java/lang/invoke/LambdaForm$MH+0x00000000091f0800'
Event: 27146.818 Thread 0x000001c74810b860 Unloading class 0x0000000009219400 'java/lang/invoke/LambdaForm$BMH+0x0000000009219400'
Event: 27146.818 Thread 0x000001c74810b860 Unloading class 0x000000000921a800 'java/lang/invoke/LambdaForm$MH+0x000000000921a800'
Event: 27146.819 Thread 0x000001c74810b860 Unloading class 0x000000000922b800 'java/lang/invoke/LambdaForm$MH+0x000000000922b800'
Event: 27146.819 Thread 0x000001c74810b860 Unloading class 0x000000000928c000 'java/lang/invoke/LambdaForm$MH+0x000000000928c000'
Event: 27146.819 Thread 0x000001c74810b860 Unloading class 0x000000000931e800 'java/lang/invoke/LambdaForm$MH+0x000000000931e800'
Event: 27146.819 Thread 0x000001c74810b860 Unloading class 0x00000000093c0800 'java/lang/invoke/LambdaForm$MH+0x00000000093c0800'
Event: 27146.819 Thread 0x000001c74810b860 Unloading class 0x0000000009795000 'java/lang/invoke/LambdaForm$MH+0x0000000009795000'
Event: 27146.819 Thread 0x000001c74810b860 Unloading class 0x0000000009794c00 'java/lang/invoke/LambdaForm$MH+0x0000000009794c00'
Event: 27146.819 Thread 0x000001c74810b860 Unloading class 0x0000000009794800 'java/lang/invoke/LambdaForm$MH+0x0000000009794800'
Event: 27146.819 Thread 0x000001c74810b860 Unloading class 0x0000000009185000 'java/lang/invoke/LambdaForm$MH+0x0000000009185000'
Event: 27146.819 Thread 0x000001c74810b860 Unloading class 0x000000000911c400 'java/lang/invoke/LambdaForm$MH+0x000000000911c400'
Event: 27146.819 Thread 0x000001c74810b860 Unloading class 0x0000000009050800 'java/lang/invoke/LambdaForm$MH+0x0000000009050800'
Event: 27146.819 Thread 0x000001c74810b860 Unloading class 0x0000000009040000 'java/lang/invoke/LambdaForm$MH+0x0000000009040000'

Classes redefined (0 events):
No events

Internal exceptions (20 events):
Event: 31316.327 Thread 0x000001c748066be0 Exception <a 'java/lang/NoSuchMethodError'{0x00000000d7102d00}: 'void java.lang.invoke.Invokers$Holder.invoke_MT(java.lang.Object, java.lang.Object, long, java.lang.Object)'> (0x00000000d7102d00) 
thrown [s\src\hotspot\share\interpreter\linkResolver.cpp, line 804]
Event: 31316.327 Thread 0x000001c748066be0 Exception <a 'java/lang/NoSuchMethodError'{0x00000000d710b0b8}: 'int java.lang.invoke.Invokers$Holder.invoke_MT(java.lang.Object, java.lang.Object)'> (0x00000000d710b0b8) 
thrown [s\src\hotspot\share\interpreter\linkResolver.cpp, line 804]
Event: 31316.327 Thread 0x000001c748066be0 Exception <a 'java/lang/NoSuchMethodError'{0x00000000d710f488}: 'long java.lang.invoke.Invokers$Holder.invoke_MT(java.lang.Object, java.lang.Object)'> (0x00000000d710f488) 
thrown [s\src\hotspot\share\interpreter\linkResolver.cpp, line 804]
Event: 31316.330 Thread 0x000001c748066be0 Exception <a 'java/lang/NoSuchMethodError'{0x00000000d711f9f0}: 'java.lang.Object java.lang.invoke.Invokers$Holder.linkToCallSite(int, int, int, java.lang.Object)'> (0x00000000d711f9f0) 
thrown [s\src\hotspot\share\interpreter\linkResolver.cpp, line 804]
Event: 31316.330 Thread 0x000001c748066be0 Exception <a 'java/lang/NoSuchMethodError'{0x00000000d71280e8}: 'java.lang.Object java.lang.invoke.Invokers$Holder.linkToCallSite(int, long, java.lang.Object)'> (0x00000000d71280e8) 
thrown [s\src\hotspot\share\interpreter\linkResolver.cpp, line 804]
Event: 31316.330 Thread 0x000001c748066be0 Exception <a 'java/lang/NoSuchMethodError'{0x00000000d71304e8}: 'java.lang.Object java.lang.invoke.Invokers$Holder.linkToCallSite(int, java.lang.Object, java.lang.Object, java.lang.Object)'> (0x00000000d71304e8) 
thrown [s\src\hotspot\share\interpreter\linkResolver.cpp, line 804]
Event: 31316.330 Thread 0x000001c748066be0 Exception <a 'java/lang/NoSuchMethodError'{0x00000000d7138858}: 'java.lang.Object java.lang.invoke.Invokers$Holder.linkToCallSite(int, java.lang.Object, java.lang.Object, java.lang.Object, java.lang.Object)'> (0x00000000d7138858) 
thrown [s\src\hotspot\share\interpreter\linkResolver.cpp, line 804]
Event: 31316.330 Thread 0x000001c748066be0 Exception <a 'java/lang/NoSuchMethodError'{0x00000000d7144bb0}: 'java.lang.Object java.lang.invoke.Invokers$Holder.linkToCallSite(java.lang.Object, java.lang.Object, java.lang.Object, int, java.lang.Object, java.lang.Object, java.lang.Object)'> (0x00000000d7144bb0) 
thrown [s\src\hotspot\share\interpreter\linkResolver.cpp, line 804]
Event: 31316.330 Thread 0x000001c748066be0 Exception <a 'java/lang/NoSuchMethodError'{0x00000000d714d110}: 'java.lang.Object java.lang.invoke.Invokers$Holder.linkToCallSite(java.lang.Object, java.lang.Object, java.lang.Object, int, java.lang.Object, java.lang.Object)'> (0x00000000d714d110) 
thrown [s\src\hotspot\share\interpreter\linkResolver.cpp, line 804]
Event: 31316.331 Thread 0x000001c748066be0 Exception <a 'java/lang/NoSuchMethodError'{0x00000000d7159948}: 'java.lang.Object java.lang.invoke.Invokers$Holder.linkToCallSite(java.lang.Object, java.lang.Object, java.lang.Object, java.lang.Object, java.lang.Object, java.lang.Object, java.lang.Object, java.lang.Object, java.lang.Object, int, java.lang.Object, java.lang.Object, java.lang.Object, java.lang.Object)'> (0x00000000d7159948) 
thrown [s\src\hotspot\share\interpreter\linkResolver.cpp, line 804]
Event: 31316.331 Thread 0x000001c748066be0 Exception <a 'java/lang/NoSuchMethodError'{0x00000000d71650d8}: 'java.lang.Object java.lang.invoke.Invokers$Holder.linkToCallSite(java.lang.Object, int, int, java.lang.Object, java.lang.Object)'> (0x00000000d71650d8) 
thrown [s\src\hotspot\share\interpreter\linkResolver.cpp, line 804]
Event: 31316.331 Thread 0x000001c748066be0 Exception <a 'java/lang/NoSuchMethodError'{0x00000000d716d668}: 'java.lang.Object java.lang.invoke.Invokers$Holder.linkToCallSite(java.lang.Object, int, java.lang.Object, java.lang.Object, java.lang.Object)'> (0x00000000d716d668) 
thrown [s\src\hotspot\share\interpreter\linkResolver.cpp, line 804]
Event: 31316.331 Thread 0x000001c748066be0 Exception <a 'java/lang/NoSuchMethodError'{0x00000000d7175ad0}: 'java.lang.Object java.lang.invoke.Invokers$Holder.linkToCallSite(java.lang.Object, int, java.lang.Object, java.lang.Object, java.lang.Object, java.lang.Object, java.lang.Object)'> (0x00000000d7175ad0) 
thrown [s\src\hotspot\share\interpreter\linkResolver.cpp, line 804]
Event: 31316.331 Thread 0x000001c748066be0 Exception <a 'java/lang/NoSuchMethodError'{0x00000000d717e020}: 'java.lang.Object java.lang.invoke.Invokers$Holder.linkToCallSite(java.lang.Object, int, java.lang.Object, int, java.lang.Object, java.lang.Object)'> (0x00000000d717e020) 
thrown [s\src\hotspot\share\interpreter\linkResolver.cpp, line 804]
Event: 31316.336 Thread 0x000001c748066be0 Exception <a 'java/lang/NoSuchMethodError'{0x00000000d5586d50}: 'java.lang.Object java.lang.invoke.Invokers$Holder.linkToCallSite(java.lang.Object, int, java.lang.Object, java.lang.Object)'> (0x00000000d5586d50) 
thrown [s\src\hotspot\share\interpreter\linkResolver.cpp, line 804]
Event: 31316.336 Thread 0x000001c748066be0 Exception <a 'java/lang/NoSuchMethodError'{0x00000000d5590108}: 'java.lang.Object java.lang.invoke.Invokers$Holder.linkToCallSite(java.lang.Object, long, java.lang.Object, java.lang.Object)'> (0x00000000d5590108) 
thrown [s\src\hotspot\share\interpreter\linkResolver.cpp, line 804]
Event: 31316.336 Thread 0x000001c748066be0 Exception <a 'java/lang/NoSuchMethodError'{0x00000000d55983b0}: 'java.lang.Object java.lang.invoke.Invokers$Holder.linkToCallSite(java.lang.Object, long, java.lang.Object)'> (0x00000000d55983b0) 
thrown [s\src\hotspot\share\interpreter\linkResolver.cpp, line 804]
Event: 31316.336 Thread 0x000001c748066be0 Exception <a 'java/lang/NoSuchMethodError'{0x00000000d55a0610}: 'java.lang.Object java.lang.invoke.Invokers$Holder.linkToCallSite(java.lang.Object, java.lang.Object, int, java.lang.Object, java.lang.Object)'> (0x00000000d55a0610) 
thrown [s\src\hotspot\share\interpreter\linkResolver.cpp, line 804]
Event: 31316.336 Thread 0x000001c748066be0 Exception <a 'java/lang/NoSuchMethodError'{0x00000000d55a8e98}: 'java.lang.Object java.lang.invoke.Invokers$Holder.linkToCallSite(java.lang.Object, java.lang.Object, int, java.lang.Object)'> (0x00000000d55a8e98) 
thrown [s\src\hotspot\share\interpreter\linkResolver.cpp, line 804]
Event: 31316.337 Thread 0x000001c748066be0 Exception <a 'java/lang/NoSuchMethodError'{0x00000000d55b1150}: 'java.lang.Object java.lang.invoke.Invokers$Holder.linkToCallSite(java.lang.Object, java.lang.Object, long, java.lang.Object)'> (0x00000000d55b1150) 
thrown [s\src\hotspot\share\interpreter\linkResolver.cpp, line 804]

VM Operations (20 events):
Event: 31211.099 Executing non-safepoint VM operation: HandshakeAllThreads (HandshakeForDeflation) done
Event: 31211.099 Executing non-safepoint VM operation: RendezvousGCThreads
Event: 31211.099 Executing non-safepoint VM operation: RendezvousGCThreads done
Event: 31315.353 Executing non-safepoint VM operation: HandshakeAllThreads (Deoptimize)
Event: 31315.353 Executing non-safepoint VM operation: HandshakeAllThreads (Deoptimize) done
Event: 31315.419 Executing non-safepoint VM operation: HandshakeAllThreads (Deoptimize)
Event: 31315.420 Executing non-safepoint VM operation: HandshakeAllThreads (Deoptimize) done
Event: 31316.102 Executing non-safepoint VM operation: HandshakeAllThreads (Deoptimize)
Event: 31316.102 Executing non-safepoint VM operation: HandshakeAllThreads (Deoptimize) done
Event: 31316.220 Executing non-safepoint VM operation: HandshakeAllThreads (Deoptimize)
Event: 31316.220 Executing non-safepoint VM operation: HandshakeAllThreads (Deoptimize) done
Event: 31316.223 Executing non-safepoint VM operation: HandshakeAllThreads (Deoptimize)
Event: 31316.223 Executing non-safepoint VM operation: HandshakeAllThreads (Deoptimize) done
Event: 31316.226 Executing non-safepoint VM operation: HandshakeAllThreads (Deoptimize)
Event: 31316.226 Executing non-safepoint VM operation: HandshakeAllThreads (Deoptimize) done
Event: 31316.265 Executing safepoint VM operation: ParallelCollectForAllocation (Allocation Failure)
Event: 31316.268 Executing safepoint VM operation: ParallelCollectForAllocation (Allocation Failure) done
Event: 31316.332 Executing safepoint VM operation: ParallelCollectForAllocation (Allocation Failure)
Event: 31316.336 Executing safepoint VM operation: ParallelCollectForAllocation (Allocation Failure) done
Event: 31316.344 Executing safepoint VM operation: PopulateDumpSharedSpace

Memory protections (0 events):
No events

Nmethod flushes (20 events):
Event: 27147.281 Thread 0x000001c74810b860 flushing  nmethod 0x000001c752c93d08
Event: 27147.281 Thread 0x000001c74810b860 flushing  nmethod 0x000001c752c9d508
Event: 27147.281 Thread 0x000001c74810b860 flushing  nmethod 0x000001c752cb2e88
Event: 27147.281 Thread 0x000001c74810b860 flushing  nmethod 0x000001c752cb3288
Event: 27147.281 Thread 0x000001c74810b860 flushing  nmethod 0x000001c752cb3588
Event: 27147.281 Thread 0x000001c74810b860 flushing  nmethod 0x000001c752cb5208
Event: 27147.281 Thread 0x000001c74810b860 flushing  nmethod 0x000001c752cce108
Event: 27147.281 Thread 0x000001c74810b860 flushing  nmethod 0x000001c752cd2808
Event: 27147.281 Thread 0x000001c74810b860 flushing  nmethod 0x000001c752ce8d08
Event: 27147.281 Thread 0x000001c74810b860 flushing  nmethod 0x000001c752ce9508
Event: 27147.281 Thread 0x000001c74810b860 flushing  nmethod 0x000001c752cf1f08
Event: 27147.281 Thread 0x000001c74810b860 flushing  nmethod 0x000001c752d51608
Event: 27147.281 Thread 0x000001c74810b860 flushing  nmethod 0x000001c752d5f688
Event: 27147.281 Thread 0x000001c74810b860 flushing  nmethod 0x000001c752da5888
Event: 27147.282 Thread 0x000001c74810b860 flushing  nmethod 0x000001c752def588
Event: 27147.282 Thread 0x000001c74810b860 flushing  nmethod 0x000001c752df2908
Event: 27147.282 Thread 0x000001c74810b860 flushing osr nmethod 0x000001c752df3288
Event: 27147.282 Thread 0x000001c74810b860 flushing  nmethod 0x000001c752df5c08
Event: 27147.282 Thread 0x000001c74810b860 flushing  nmethod 0x000001c752df9e08
Event: 27147.282 Thread 0x000001c74810b860 flushing  nmethod 0x000001c752e05e88

Events (20 events):
Event: 31315.250 Thread 0x000001c7771a6a20 Thread exited: 0x000001c7771a6a20
Event: 31315.279 Thread 0x000001c7771aa8a0 Thread added: 0x000001c7771a6a20
Event: 31315.280 Thread 0x000001c7771a6a20 Thread exited: 0x000001c7771a6a20
Event: 31315.323 Thread 0x000001c7771aa8a0 Thread added: 0x000001c7771a6a20
Event: 31315.329 Thread 0x000001c7771a6a20 Thread exited: 0x000001c7771a6a20
Event: 31315.367 Thread 0x000001c748066be0 Thread added: 0x000001c7771a6a20
Event: 31315.995 Thread 0x000001c76886e980 Thread exited: 0x000001c76886e980
Event: 31316.153 Thread 0x000001c7771aa8a0 Thread exited: 0x000001c7771aa8a0
Event: 31316.153 Thread 0x000001c767e805b0 Thread exited: 0x000001c767e805b0
Event: 31316.153 Thread 0x000001c77719fcc0 Thread exited: 0x000001c77719fcc0
Event: 31316.155 Thread 0x000001c767e824f0 Thread exited: 0x000001c767e824f0
Event: 31316.162 Thread 0x000001c767e85ba0 Thread exited: 0x000001c767e85ba0
Event: 31316.163 Thread 0x000001c767f7b9d0 Thread exited: 0x000001c767f7b9d0
Event: 31316.163 Thread 0x000001c767f57650 Thread exited: 0x000001c767f57650
Event: 31316.164 Thread 0x000001c7680dd890 Thread exited: 0x000001c7680dd890
Event: 31316.180 Thread 0x000001c7771a6a20 Thread exited: 0x000001c7771a6a20
Event: 31316.180 Thread 0x000001c748066be0 Thread added: 0x000001c7771a6a20
Event: 31316.181 Thread 0x000001c7771a6a20 Thread exited: 0x000001c7771a6a20
Event: 31316.182 Thread 0x000001c748066be0 Before exit entered
Event: 31316.325 Thread 0x000001c74807b520 Thread added: 0x000001c7762d5750


Dynamic libraries:
0x00007ff6ee830000 - 0x00007ff6ee83e000 	C:\Program Files\Eclipse Adoptium\jdk-25.0.1.8-hotspot\bin\java.exe
0x00007ffa065d0000 - 0x00007ffa067c8000 	C:\Windows\SYSTEM32\ntdll.dll
0x00007ffa054a0000 - 0x00007ffa05562000 	C:\Windows\System32\KERNEL32.DLL
0x00007ffa03e30000 - 0x00007ffa04126000 	C:\Windows\System32\KERNELBASE.dll
0x00007ffa04130000 - 0x00007ffa04230000 	C:\Windows\System32\ucrtbase.dll
0x00007ff980de0000 - 0x00007ff980df6000 	C:\Program Files\Eclipse Adoptium\jdk-25.0.1.8-hotspot\bin\jli.dll
0x00007ffa045f0000 - 0x00007ffa04791000 	C:\Windows\System32\USER32.dll
0x00007ffa04390000 - 0x00007ffa043b2000 	C:\Windows\System32\win32u.dll
0x00007ffa06340000 - 0x00007ffa0636b000 	C:\Windows\System32\GDI32.dll
0x00007ffa044d0000 - 0x00007ffa045e9000 	C:\Windows\System32\gdi32full.dll
0x00007ffa03c60000 - 0x00007ffa03cfd000 	C:\Windows\System32\msvcp_win.dll
0x00007ff9f1750000 - 0x00007ff9f19eb000 	C:\Windows\WinSxS\amd64_microsoft.windows.common-controls_6595b64144ccf1df_6.0.19041.6456_none_60b8a6cb71f64256\COMCTL32.dll
0x00007ffa04970000 - 0x00007ffa04a0e000 	C:\Windows\System32\msvcrt.dll
0x00007ff9cdd60000 - 0x00007ff9cdd7e000 	C:\Program Files\Eclipse Adoptium\jdk-25.0.1.8-hotspot\bin\VCRUNTIME140.dll
0x00007ffa04a10000 - 0x00007ffa04a3f000 	C:\Windows\System32\IMM32.DLL
0x00007ff9df550000 - 0x00007ff9df55c000 	C:\Program Files\Eclipse Adoptium\jdk-25.0.1.8-hotspot\bin\vcruntime140_1.dll
0x00007ff977c00000 - 0x00007ff977c8d000 	C:\Program Files\Eclipse Adoptium\jdk-25.0.1.8-hotspot\bin\msvcp140.dll
0x00007ff977c90000 - 0x00007ff978bb6000 	C:\Program Files\Eclipse Adoptium\jdk-25.0.1.8-hotspot\bin\server\jvm.dll
0x00007ffa05fc0000 - 0x00007ffa06071000 	C:\Windows\System32\ADVAPI32.dll
0x00007ffa057b0000 - 0x00007ffa0584f000 	C:\Windows\System32\sechost.dll
0x00007ffa05580000 - 0x00007ffa056a0000 	C:\Windows\System32\RPCRT4.dll
0x00007ffa04410000 - 0x00007ffa04437000 	C:\Windows\System32\bcrypt.dll
0x00007ffa062d0000 - 0x00007ffa0633b000 	C:\Windows\System32\WS2_32.dll
0x00007ffa032f0000 - 0x00007ffa0333b000 	C:\Windows\SYSTEM32\POWRPROF.dll
0x00007ff9fac00000 - 0x00007ff9fac27000 	C:\Windows\SYSTEM32\WINMM.dll
0x00007ff9fe380000 - 0x00007ff9fe38a000 	C:\Windows\SYSTEM32\VERSION.dll
0x00007ffa031e0000 - 0x00007ffa031f2000 	C:\Windows\SYSTEM32\UMPDC.dll
0x00007ffa01af0000 - 0x00007ffa01b02000 	C:\Windows\SYSTEM32\kernel.appcore.dll
0x00007ff9d1690000 - 0x00007ff9d169a000 	C:\Program Files\Eclipse Adoptium\jdk-25.0.1.8-hotspot\bin\jimage.dll
0x00007ff9fa2a0000 - 0x00007ff9fa4a1000 	C:\Windows\SYSTEM32\DBGHELP.DLL
0x00007ff9e1c50000 - 0x00007ff9e1c84000 	C:\Windows\SYSTEM32\dbgcore.DLL
0x00007ffa04440000 - 0x00007ffa044c2000 	C:\Windows\System32\bcryptPrimitives.dll
0x00007ff9971e0000 - 0x00007ff9971ef000 	C:\Program Files\Eclipse Adoptium\jdk-25.0.1.8-hotspot\bin\instrument.dll
0x00007ff9b8ff0000 - 0x00007ff9b900e000 	C:\Program Files\Eclipse Adoptium\jdk-25.0.1.8-hotspot\bin\java.dll
0x00007ffa04f00000 - 0x00007ffa0502b000 	C:\Windows\System32\ole32.dll
0x00007ffa04b30000 - 0x00007ffa04e84000 	C:\Windows\System32\combase.dll
0x00007ffa05850000 - 0x00007ffa05fc0000 	C:\Windows\System32\SHELL32.dll
0x00007ff980e00000 - 0x00007ff980e17000 	C:\Program Files\Eclipse Adoptium\jdk-25.0.1.8-hotspot\bin\zip.dll
0x00007ffa01cf0000 - 0x00007ffa02495000 	C:\Windows\SYSTEM32\windows.storage.dll
0x00007ffa03690000 - 0x00007ffa036bb000 	C:\Windows\SYSTEM32\Wldp.dll
0x00007ffa04a60000 - 0x00007ffa04b2d000 	C:\Windows\System32\OLEAUT32.dll
0x00007ffa047a0000 - 0x00007ffa0484d000 	C:\Windows\System32\SHCORE.dll
0x00007ffa06520000 - 0x00007ffa0657b000 	C:\Windows\System32\shlwapi.dll
0x00007ffa03b90000 - 0x00007ffa03bb4000 	C:\Windows\SYSTEM32\profapi.dll
0x00007ff99bc70000 - 0x00007ff99bc81000 	C:\Program Files\Eclipse Adoptium\jdk-25.0.1.8-hotspot\bin\net.dll
0x00007ffa033f0000 - 0x00007ffa0345a000 	C:\Windows\system32\mswsock.dll
0x00007ff9971f0000 - 0x00007ff997206000 	C:\Program Files\Eclipse Adoptium\jdk-25.0.1.8-hotspot\bin\nio.dll
0x00007ff9ccd80000 - 0x00007ff9ccd90000 	C:\Program Files\Eclipse Adoptium\jdk-25.0.1.8-hotspot\bin\verify.dll
0x00007ff977b10000 - 0x00007ff977b55000 	C:\Users\鎢馯\AppData\Roaming\Antigravity\User\globalStorage\redhat.java\1.52.2026011508\config_win\org.eclipse.equinox.launcher\org.eclipse.equinox.launcher.win32.win32.x86_64_1.2.1500.v20260111-2316\eclipse_11918.dll
0x00007ffa035e0000 - 0x00007ffa035f8000 	C:\Windows\SYSTEM32\CRYPTSP.dll
0x00007ffa02c30000 - 0x00007ffa02c68000 	C:\Windows\system32\rsaenh.dll
0x00007ffa03b50000 - 0x00007ffa03b7e000 	C:\Windows\SYSTEM32\USERENV.dll
0x00007ffa03600000 - 0x00007ffa0360c000 	C:\Windows\SYSTEM32\CRYPTBASE.dll
0x00007ffa03060000 - 0x00007ffa0309b000 	C:\Windows\SYSTEM32\IPHLPAPI.DLL
0x00007ffa05570000 - 0x00007ffa05578000 	C:\Windows\System32\NSI.dll
0x00007ff9d38d0000 - 0x00007ff9d3919000 	C:\Users\鎢馯\AppData\Local\Temp\jna-32117293\jna4771369060462707008.dll
0x00007ffa06580000 - 0x00007ffa06588000 	C:\Windows\System32\PSAPI.DLL
0x00007ff9fe270000 - 0x00007ff9fe37a000 	C:\Windows\SYSTEM32\winhttp.dll
0x00007ff9fe900000 - 0x00007ff9fe917000 	C:\Windows\SYSTEM32\dhcpcsvc6.DLL
0x00007ff9fe8e0000 - 0x00007ff9fe8fd000 	C:\Windows\SYSTEM32\dhcpcsvc.DLL
0x00007ff9b8560000 - 0x00007ff9b8569000 	C:\Program Files\Eclipse Adoptium\jdk-25.0.1.8-hotspot\bin\extnet.dll
0x00007ffa02ef0000 - 0x00007ffa02f23000 	C:\Windows\SYSTEM32\ntmarta.dll

JVMTI agents:
c:\Users\鎢馯\.antigravity\extensions\redhat.java-1.52.2026011508-win32-x64\lombok\lombok-1.18.39-4050.jar path:C:\Program Files\Eclipse Adoptium\jdk-25.0.1.8-hotspot\bin\instrument.dll, loaded, initialized, instrumentlib options:none

dbghelp: loaded successfully - version: 4.0.5 - missing functions: none
symbol engine: initialized successfully - sym options: 0x614 - pdb path: .;C:\Program Files\Eclipse Adoptium\jdk-25.0.1.8-hotspot\bin;C:\Windows\SYSTEM32;C:\Windows\WinSxS\amd64_microsoft.windows.common-controls_6595b64144ccf1df_6.0.19041.6456_none_60b8a6cb71f64256;C:\Program Files\Eclipse Adoptium\jdk-25.0.1.8-hotspot\bin\server;C:\Users\鎢馯\AppData\Roaming\Antigravity\User\globalStorage\redhat.java\1.52.2026011508\config_win\org.eclipse.equinox.launcher\org.eclipse.equinox.launcher.win32.win32.x86_64_1.2.1500.v20260111-2316;C:\Users\鎢馯\AppData\Local\Temp\jna-32117293

VM Arguments:
jvm_args: -Djdk.xml.maxGeneralEntitySizeLimit=0 -Djdk.xml.totalEntitySizeLimit=0 --add-modules=ALL-SYSTEM --add-opens=java.base/java.util=ALL-UNNAMED --add-opens=java.base/java.lang=ALL-UNNAMED --add-opens=java.base/sun.nio.fs=ALL-UNNAMED -Declipse.application=org.eclipse.jdt.ls.core.id1 -Dosgi.bundles.defaultStartLevel=4 -Declipse.product=org.eclipse.jdt.ls.core.product -Djava.import.generatesMetadataFilesAtProjectRoot=false -DDetectVMInstallationsJob.disabled=true -Dfile.encoding=utf8 -XX:+UseParallelGC -XX:GCTimeRatio=4 -XX:AdaptiveSizePolicyWeight=90 -Dsun.zip.disableMemoryMapping=true -Xmx2G -Xms100m -Xlog:disable -javaagent:c:\Users\鎢馯\.antigravity\extensions\redhat.java-1.52.2026011508-win32-x64\lombok\lombok-1.18.39-4050.jar -XX:+HeapDumpOnOutOfMemoryError -XX:HeapDumpPath=c:\Users\鎢馯\AppData\Roaming\Antigravity\User\workspaceStorage\8732b6f88791d942ec4c0aa7ee92074e\redhat.java -Daether.dependencyCollector.impl=bf -XX:+UnlockDiagnosticVMOptions -XX:+AllowArchivingWithJavaAgent -XX:+AutoCreateSharedArchive -XX:SharedArchiveFile=c:\Users\鎢馯\AppData\Roaming\Antigravity\User\globalStorage\redhat.java\1.52.2026011508\jdtls.jsa 
java_command: c:\Users\鎢馯\.antigravity\extensions\redhat.java-1.52.2026011508-win32-x64\server\plugins\org.eclipse.equinox.launcher_1.7.100.v20251111-0406.jar -configuration c:\Users\鎢馯\AppData\Roaming\Antigravity\User\globalStorage\redhat.java\1.52.2026011508\config_win -data c:\Users\鎢馯\AppData\Roaming\Antigravity\User\workspaceStorage\8732b6f88791d942ec4c0aa7ee92074e\redhat.java\jdt_ws --pipe=\\.\pipe\lsp-6df031a9ba48fa8570144f2fed427f64-sock
java_class_path (initial): c:\Users\鎢馯\.antigravity\extensions\redhat.java-1.52.2026011508-win32-x64\server\plugins\org.eclipse.equinox.launcher_1.7.100.v20251111-0406.jar
Launcher Type: SUN_STANDARD

[Global flags]
     bool AOTInvokeDynamicLinking                  = false                                  {diagnostic} {ergonomic}
     bool AOTRecordTraining                        = false                                  {diagnostic} {ergonomic}
     bool AOTReplayTraining                        = false                                  {diagnostic} {ergonomic}
     uint AdaptiveSizePolicyWeight                 = 90                                        {product} {command line}
     bool AllowArchivingWithJavaAgent              = true                                   {diagnostic} {command line}
    ccstr ArchiveClassesAtExit                     = c:\Users\鎢馯\AppData\Roaming\Antigravity\User\globalStorage\redhat.java\1.52.2026011508\jdtls.jsa            {product} {ergonomic}
     bool AutoCreateSharedArchive                  = true                                      {product} {command line}
     intx CICompilerCount                          = 3                                         {product} {ergonomic}
     uint GCTimeRatio                              = 4                                         {product} {command line}
     bool HeapDumpOnOutOfMemoryError               = true                                   {manageable} {command line}
    ccstr HeapDumpPath                             = c:\Users\鎢馯\AppData\Roaming\Antigravity\User\workspaceStorage\8732b6f88791d942ec4c0aa7ee92074e\redhat.java         {manageable} {command line}
   size_t InitialHeapSize                          = 104857600                                 {product} {command line}
   size_t MaxHeapSize                              = 2147483648                                {product} {command line}
   size_t MaxNewSize                               = 715653120                                 {product} {ergonomic}
   size_t MinHeapDeltaBytes                        = 524288                                    {product} {ergonomic}
   size_t MinHeapSize                              = 104857600                                 {product} {command line}
   size_t NewSize                                  = 34603008                                  {product} {ergonomic}
    uintx NonNMethodCodeHeapSize                   = 5832704                                {pd product} {ergonomic}
    uintx NonProfiledCodeHeapSize                  = 122945536                              {pd product} {ergonomic}
    uintx ProfiledCodeHeapSize                     = 122880000                              {pd product} {ergonomic}
    uintx ReservedCodeCacheSize                    = 251658240                              {pd product} {ergonomic}
     bool SegmentedCodeCache                       = true                                      {product} {ergonomic}
    ccstr SharedArchiveFile                        =                                           {product} {command line, ergonomic}
   size_t SoftMaxHeapSize                          = 2147483648                             {manageable} {ergonomic}
     bool UnlockDiagnosticVMOptions                = true                                   {diagnostic} {command line}
     bool UseCompressedOops                        = true                           {product lp64_product} {ergonomic}
     bool UseLargePagesIndividualAllocation        = false                                  {pd product} {ergonomic}
     bool UseParallelGC                            = true                                      {product} {command line}
      int X86ICacheSync                            = 3                                 {ARCH diagnostic} {ergonomic}

Logging:
Log output configuration:
 #0: stdout all=off uptime,level,tags foldmultilines=false
 #1: stderr all=off uptime,level,tags foldmultilines=false

Release file:
IMPLEMENTOR="Eclipse Adoptium" 
IMPLEMENTOR_VERSION="Temurin-25.0.1+8" 
JAVA_RUNTIME_VERSION="25.0.1+8-LTS" 
JAVA_VERSION="25.0.1" 
JAVA_VERSION_DATE="2025-10-21" 
LIBC="default" 
MODULES="java.base java.compiler java.datatransfer java.xml java.prefs java.desktop java.instrument java.logging java.management java.security.sasl java.naming java.rmi java.management.rmi java.net.http java.scripting java.security.jgss java.transaction.xa java.sql java.sql.rowset java.xml.crypto java.se java.smartcardio jdk.accessibility jdk.internal.jvmstat jdk.attach jdk.charsets jdk.internal.opt jdk.zipfs jdk.compiler jdk.crypto.cryptoki jdk.crypto.ec jdk.crypto.mscapi jdk.dynalink jdk.internal.ed jdk.editpad jdk.internal.vm.ci jdk.graal.compiler jdk.graal.compiler.management jdk.hotspot.agent jdk.httpserver jdk.incubator.vector jdk.internal.le jdk.internal.md jdk.jartool jdk.javadoc jdk.jcmd jdk.management jdk.management.agent jdk.jconsole jdk.jdeps jdk.jdwp.agent jdk.jdi jdk.jfr jdk.jlink jdk.jpackage jdk.jshell jdk.jsobject jdk.jstatd jdk.localedata jdk.management.jfr jdk.naming.dns jdk.naming.rmi jdk.net jdk.nio.mapmode jdk.sctp jdk.security.auth jdk.security.jgss jdk.unsupported jdk.unsupported.desktop jdk.xml.dom" 
OS_ARCH="x86_64" 
OS_NAME="Windows" 
SOURCE=".:git:61d6a2c1b35e" 
BUILD_SOURCE="git:839fa0b45d809157cffd3dc8515aad262a4a1776"
BUILD_SOURCE_REPO="https://github.com/adoptium/temurin-build.git"
SOURCE_REPO="https://github.com/adoptium/jdk25u.git"
FULL_VERSION="25.0.1+8-LTS"
SEMANTIC_VERSION="25.0.1+8"
BUILD_INFO="OS: Windows Server 2022 Version: 10.0"
JVM_VARIANT="Hotspot"
JVM_VERSION="25.0.1+8-LTS"
IMAGE_TYPE="JDK"

Environment Variables:
JAVA_HOME=C:\Program Files\Java\jdk-23
PATH=C:\Program Files\Eclipse Adoptium\jdk-25.0.1.8-hotspot\bin;C:\Program Files (x86)\VMware\VMware Workstation\bin\;C:\Program Files\Common Files\Oracle\Java\javapath;C:\Program Files (x86)\Common Files\Oracle\Java\java8path;C:\Program Files (x86)\Common Files\Oracle\Java\javapath;C:\Program Files (x86)\NVIDIA Corporation\PhysX\Common;C:\ProgramData\Oracle\Java\javapath;C:\Windows\system32;C:\Windows;C:\Windows\System32\Wbem;C:\Windows\System32\WindowsPowerShell\v1.0\;C:\Windows\System32\OpenSSH\;C:\Program Files\Git\cmd;C:\Program Files\Java\jdk-23\bin;D:\javafx-sdk-21.0.5;C:\Program Files (x86)\Windows Kits\10\Windows Performance Toolkit\;C:\Program Files\dotnet\;C:\Users\鎢馯\AppData\Local\Microsoft\WindowsApps;C:\Users\鎢馯\AppData\Local\GitHubDesktop\bin;C:\Users\鎢馯\AppData\Local\Programs\Microsoft VS Code\bin;C:\Users\鎢馯\.dotnet\tools;C:\Users\鎢馯\AppData\Local\Programs\Antigravity\bin
USERNAME=鎢馯
OS=Windows_NT
PROCESSOR_IDENTIFIER=AMD64 Family 23 Model 113 Stepping 0, AuthenticAMD
TMP=C:\Users\46AD~1\AppData\Local\Temp
TEMP=C:\Users\46AD~1\AppData\Local\Temp




Compilation memory statistics disabled.

Periodic native trim disabled

---------------  S Y S T E M  ---------------

OS:
 Windows 10 , 64 bit Build 19041 (10.0.19041.5915)
OS uptime: 0 days 8:45 hours

CPU: total 6 (initial active 6) (6 cores per cpu, 1 threads per core) family 23 model 113 stepping 0 microcode 0x0, cx8, cmov, fxsr, mmx, 3dnowpref, sse, sse2, sse3, ssse3, sse4a, sse4.1, sse4.2, popcnt, lzcnt, tsc, tscinvbit, avx, avx2, aes, clmul, bmi1, bmi2, adx, sha, fma, vzeroupper, clflush, clflushopt, clwb, rdtscp, rdpid, f16c
Processor Information for the first 6 processors :
  Max Mhz: 3593, Current Mhz: 3593, Mhz Limit: 3593

Memory: 4k page, system-wide physical 16319M (8272M free)
TotalPageFile size 49087M (AvailPageFile size 35233M)
current process WorkingSet (physical memory assigned to process): 540M, peak: 581M
current process commit charge ("private bytes"): 833M, peak: 833M

vm_info: OpenJDK 64-Bit Server VM (25.0.1+8-LTS) for windows-amd64 JRE (25.0.1+8-LTS), built on 2025-10-21T00:00:00Z with unknown MS VC++:1942

END.
